<?xml version="1.0" encoding="UTF-8"?>
<TestRun id="8452e0d5-27ca-41d8-a21a-90aa45a9ca48" name="swebster@SWEBSTER-FUSION 2011-12-01 09:03:00" runUser="CORP\swebster" xmlns="http://microsoft.com/schemas/VisualStudio/TeamTest/2010">
  <TestSettings name="Local" id="623c8cb9-2cbb-494f-83de-e6f7c41ea9dd">
    <Description>These are default test settings for a local test run.</Description>
    <Deployment enabled="false" runDeploymentRoot="swebster_SWEBSTER-FUSION 2011-12-01 09_03_00">
      <DeploymentItem filename="c:\users\swebster.corp\documents\visual studio 2010\Projects\Random\Random\bin\Debug\Random.dll" />
    </Deployment>
    <Execution>
      <TestTypeSpecific />
      <AgentRule name="Execution Agents">
      </AgentRule>
    </Execution>
  </TestSettings>
  <Times creation="2011-12-01T09:03:00.6236557-07:00" queuing="2011-12-01T09:03:01.8082477-07:00" start="2011-12-01T09:03:01.9663267-07:00" finish="2011-12-01T09:03:10.2065800-07:00" />
  <ResultSummary outcome="Completed">
    <Counters total="1" executed="1" passed="1" error="0" failed="0" timeout="0" aborted="0" inconclusive="0" passedButRunAborted="0" notRunnable="0" notExecuted="0" disconnected="0" warning="0" completed="0" inProgress="0" pending="0" />
  </ResultSummary>
  <TestDefinitions>
    <UnitTest name="TestMethod1" storage="c:\users\swebster.corp\documents\visual studio 2010\projects\random\random.tests\bin\debug\random.tests.dll" id="16dea082-764d-8db5-d5ac-ec10a6fe3b31">
      <Execution id="ff737f09-7dfb-472a-96c9-935918944e29" />
      <TestMethod codeBase="c:/users/swebster.corp/documents/visual studio 2010/Projects/Random/Random.Tests/bin/Debug/Random.Tests.DLL" adapterTypeName="Microsoft.VisualStudio.TestTools.TestTypes.Unit.UnitTestAdapter, Microsoft.VisualStudio.QualityTools.Tips.UnitTest.Adapter, Version=10.0.0.0, Culture=neutral, PublicKeyToken=b03f5f7f11d50a3a" className="Random.Tests.UnitTest1, Random.Tests, Version=1.0.0.0, Culture=neutral, PublicKeyToken=null" name="TestMethod1" />
    </UnitTest>
  </TestDefinitions>
  <TestLists>
    <TestList name="Results Not in a List" id="8c84fa94-04c1-424b-9868-57a2d4851a1d" />
    <TestList name="All Loaded Results" id="19431567-8539-422a-85d7-44ee4e166bda" />
  </TestLists>
  <TestEntries>
    <TestEntry testId="16dea082-764d-8db5-d5ac-ec10a6fe3b31" executionId="ff737f09-7dfb-472a-96c9-935918944e29" testListId="8c84fa94-04c1-424b-9868-57a2d4851a1d" />
  </TestEntries>
  <Results>
    <UnitTestResult executionId="ff737f09-7dfb-472a-96c9-935918944e29" testId="16dea082-764d-8db5-d5ac-ec10a6fe3b31" testName="TestMethod1" computerName="SWEBSTER-FUSION" duration="00:00:07.3283810" startTime="2011-12-01T09:03:02.0893882-07:00" endTime="2011-12-01T09:03:10.1005270-07:00" testType="13cdc9d9-ddb5-4fa4-a97d-d965ccfc6d4b" outcome="Passed" testListId="8c84fa94-04c1-424b-9868-57a2d4851a1d" relativeResultsDirectory="ff737f09-7dfb-472a-96c9-935918944e29">
    </UnitTestResult>
  </Results>
</TestRun>